<?xml version="1.0" encoding="UTF-8"?>
<!-- Generated by org.testng.reporters.JUnitReportReporter -->
<testsuite hostname="DESKTOP-U73UTOG" failures="0" tests="2" name="testComponent.SubmitOrder" time="15.517" errors="0" timestamp="2025-04-02T12:26:39 GMT-04:00" skipped="0">
  <testcase classname="testComponent.SubmitOrder" name="submittwo" time="7.960"/>
  <testcase classname="testComponent.SubmitOrder" name="submitone" time="7.557"/>
</testsuite> <!-- testComponent.SubmitOrder -->
