<?xml version="1.0" encoding="UTF-8"?>
<!-- Generated by org.testng.reporters.JUnitReportReporter -->
<testsuite hostname="DESKTOP-U73UTOG" failures="0" tests="2" name="seleniumTests.SubmitOrder" time="12.111" errors="0" timestamp="2025-04-02T11:07:52 GMT-04:00" skipped="0">
  <testcase classname="seleniumTests.SubmitOrder" name="submitOrder" time="6.263"/>
  <testcase classname="seleniumTests.SubmitOrder" name="submitordertwo" time="5.848"/>
</testsuite> <!-- seleniumTests.SubmitOrder -->
